[debug] [2025-04-04T00:00:07.374Z] ----------------------------------------------------------------------
[debug] [2025-04-04T00:00:07.378Z] Command:       C:\Program Files\nodejs\node.exe C:\Users\OK\AppData\Roaming\npm\node_modules\firebase-tools\lib\bin\firebase.js apps:list android --json --project=locomo-ae5f7
[debug] [2025-04-04T00:00:07.378Z] CLI Version:   14.1.0
[debug] [2025-04-04T00:00:07.378Z] Platform:      win32
[debug] [2025-04-04T00:00:07.378Z] Node Version:  v22.14.0
[debug] [2025-04-04T00:00:07.379Z] Time:          Fri Apr 04 2025 00:00:07 GMT+0000 (Greenwich Mean Time)
[debug] [2025-04-04T00:00:07.379Z] ----------------------------------------------------------------------
[debug] 
[debug] [2025-04-04T00:00:07.385Z] > command requires scopes: ["email","openid","https://www.googleapis.com/auth/cloudplatformprojects.readonly","https://www.googleapis.com/auth/firebase","https://www.googleapis.com/auth/cloud-platform"]
[debug] [2025-04-04T00:00:07.386Z] > authorizing via signed-in user (fredamariabeech@gmail.com)
[debug] [2025-04-04T00:00:07.391Z] Checked if tokens are valid: true, expires at: 1743727495019
[debug] [2025-04-04T00:00:07.391Z] Checked if tokens are valid: true, expires at: 1743727495019
[debug] [2025-04-04T00:00:07.392Z] >>> [apiv2][query] GET https://firebase.googleapis.com/v1beta1/projects/locomo-ae5f7/androidApps pageSize=100
[debug] [2025-04-04T00:00:10.024Z] *** [apiv2] error from fetch(https://firebase.googleapis.com/v1beta1/projects/locomo-ae5f7/androidApps?pageSize=100, {"headers":{},"method":"GET","signal":{}}): FetchError: request to https://firebase.googleapis.com/v1beta1/projects/locomo-ae5f7/androidApps?pageSize=100 failed, reason: 
[debug] [2025-04-04T00:00:10.025Z] Failed to make request to https://firebase.googleapis.com/v1beta1/projects/locomo-ae5f7/androidApps?pageSize=100
[debug] [2025-04-04T00:00:12.091Z] FirebaseError: Failed to make request to https://firebase.googleapis.com/v1beta1/projects/locomo-ae5f7/androidApps?pageSize=100
    at RetryOperation._fn (C:\Users\OK\AppData\Roaming\npm\node_modules\firebase-tools\lib\apiv2.js:261:31)
    at process.processTicksAndRejections (node:internal/process/task_queues:105:5)
[error] 
[error] Error: Failed to list Firebase ANDROID apps. See firebase-debug.log for more info.
